<?xml version="1.0" encoding="UTF-8"?>
<testsuite xmlns:xsi="http://www.w3.org/2001/XMLSchema-instance" xsi:noNamespaceSchemaLocation="https://maven.apache.org/surefire/maven-surefire-plugin/xsd/surefire-test-report-3.0.xsd" version="3.0" name="ru.shved255.AppTest" time="0.013" tests="1" errors="0" skipped="0" failures="0">
  <properties>
    <property name="java.specification.version" value="21"/>
    <property name="sun.cpu.isalist" value="amd64"/>
    <property name="sun.jnu.encoding" value="Cp1251"/>
    <property name="java.class.path" value="C:\Users\bidek\LipoProxy\LofiWebCaptchaBungee\target\test-classes;C:\Users\bidek\LipoProxy\LofiWebCaptchaBungee\target\classes;C:\Users\bidek\.m2\repository\junit\junit\3.8.1\junit-3.8.1.jar;C:\Users\bidek\.m2\repository\org\apache\httpcomponents\httpclient\4.5.13\httpclient-4.5.13.jar;C:\Users\bidek\.m2\repository\org\apache\httpcomponents\httpcore\4.4.13\httpcore-4.4.13.jar;C:\Users\bidek\.m2\repository\commons-logging\commons-logging\1.2\commons-logging-1.2.jar;C:\Users\bidek\.m2\repository\commons-codec\commons-codec\1.11\commons-codec-1.11.jar;C:\Users\bidek\.m2\repository\com\squareup\okhttp3\okhttp\4.9.3\okhttp-4.9.3.jar;C:\Users\bidek\.m2\repository\com\squareup\okio\okio\2.8.0\okio-2.8.0.jar;C:\Users\bidek\.m2\repository\org\jetbrains\kotlin\kotlin-stdlib-common\1.4.0\kotlin-stdlib-common-1.4.0.jar;C:\Users\bidek\.m2\repository\org\jetbrains\kotlin\kotlin-stdlib\1.4.10\kotlin-stdlib-1.4.10.jar;C:\Users\bidek\.m2\repository\org\jsoup\jsoup\1.18.1\jsoup-1.18.1.jar;C:\Users\bidek\.m2\repository\org\json\json\20240303\json-20240303.jar;C:\Users\bidek\.m2\repository\net\md-5\bungeecord-api\1.19-R0.1-SNAPSHOT\bungeecord-api-1.19-R0.1-SNAPSHOT.jar;C:\Users\bidek\.m2\repository\net\md-5\bungeecord-chat\1.19-R0.1-SNAPSHOT\bungeecord-chat-1.19-R0.1-SNAPSHOT.jar;C:\Users\bidek\.m2\repository\com\google\code\gson\gson\2.10\gson-2.10.jar;C:\Users\bidek\.m2\repository\net\md-5\bungeecord-config\1.19-R0.1-SNAPSHOT\bungeecord-config-1.19-R0.1-SNAPSHOT.jar;C:\Users\bidek\.m2\repository\net\md-5\bungeecord-event\1.19-R0.1-SNAPSHOT\bungeecord-event-1.19-R0.1-SNAPSHOT.jar;C:\Users\bidek\.m2\repository\net\md-5\bungeecord-protocol\1.19-R0.1-SNAPSHOT\bungeecord-protocol-1.19-R0.1-SNAPSHOT.jar;C:\Users\bidek\.m2\repository\net\md-5\brigadier\1.0.16-SNAPSHOT\brigadier-1.0.16-SNAPSHOT.jar;C:\Users\bidek\.m2\repository\io\netty\netty-codec\4.1.93.Final\netty-codec-4.1.93.Final.jar;C:\Users\bidek\.m2\repository\net\sf\trove4j\core\3.1.0\core-3.1.0.jar;C:\Users\bidek\.m2\repository\se\llbit\jo-nbt\1.3.0\jo-nbt-1.3.0.jar;C:\Users\bidek\.m2\repository\io\netty\netty-transport-native-unix-common\4.1.93.Final\netty-transport-native-unix-common-4.1.93.Final.jar;C:\Users\bidek\.m2\repository\io\netty\netty-common\4.1.93.Final\netty-common-4.1.93.Final.jar;C:\Users\bidek\.m2\repository\io\netty\netty-buffer\4.1.93.Final\netty-buffer-4.1.93.Final.jar;C:\Users\bidek\.m2\repository\io\netty\netty-transport\4.1.93.Final\netty-transport-4.1.93.Final.jar;C:\Users\bidek\.m2\repository\io\netty\netty-resolver\4.1.93.Final\netty-resolver-4.1.93.Final.jar;C:\Users\bidek\.m2\repository\org\yaml\snakeyaml\1.33\snakeyaml-1.33.jar;C:\Users\bidek\.m2\repository\com\google\guava\guava\31.1-jre\guava-31.1-jre.jar;C:\Users\bidek\.m2\repository\com\google\guava\failureaccess\1.0.1\failureaccess-1.0.1.jar;C:\Users\bidek\.m2\repository\com\google\guava\listenablefuture\9999.0-empty-to-avoid-conflict-with-guava\listenablefuture-9999.0-empty-to-avoid-conflict-with-guava.jar;C:\Users\bidek\.m2\repository\com\google\code\findbugs\jsr305\3.0.2\jsr305-3.0.2.jar;C:\Users\bidek\.m2\repository\org\checkerframework\checker-qual\3.12.0\checker-qual-3.12.0.jar;C:\Users\bidek\.m2\repository\com\google\errorprone\error_prone_annotations\2.11.0\error_prone_annotations-2.11.0.jar;C:\Users\bidek\.m2\repository\com\google\j2objc\j2objc-annotations\1.3\j2objc-annotations-1.3.jar;C:\Users\bidek\.m2\repository\net\md-5\bungeecord-api\1.19-R0.1-SNAPSHOT\bungeecord-api-1.19-R0.1-SNAPSHOT-javadoc.jar;C:\Users\bidek\.m2\repository\net\kyori\adventure-platform-bungeecord\4.3.0\adventure-platform-bungeecord-4.3.0.jar;C:\Users\bidek\.m2\repository\net\kyori\adventure-platform-api\4.3.0\adventure-platform-api-4.3.0.jar;C:\Users\bidek\.m2\repository\net\kyori\adventure-text-serializer-legacy\4.13.0\adventure-text-serializer-legacy-4.13.0.jar;C:\Users\bidek\.m2\repository\net\kyori\adventure-text-serializer-gson\4.13.0\adventure-text-serializer-gson-4.13.0.jar;C:\Users\bidek\.m2\repository\net\kyori\adventure-text-serializer-bungeecord\4.3.0\adventure-text-serializer-bungeecord-4.3.0.jar;C:\Users\bidek\.m2\repository\net\kyori\adventure-platform-facet\4.3.0\adventure-platform-facet-4.3.0.jar;C:\Users\bidek\.m2\repository\net\kyori\adventure-nbt\4.13.0\adventure-nbt-4.13.0.jar;C:\Users\bidek\.m2\repository\net\kyori\adventure-api\4.17.0\adventure-api-4.17.0.jar;C:\Users\bidek\.m2\repository\net\kyori\adventure-key\4.17.0\adventure-key-4.17.0.jar;C:\Users\bidek\.m2\repository\net\kyori\examination-api\1.3.0\examination-api-1.3.0.jar;C:\Users\bidek\.m2\repository\net\kyori\examination-string\1.3.0\examination-string-1.3.0.jar;C:\Users\bidek\.m2\repository\org\jetbrains\annotations\24.1.0\annotations-24.1.0.jar;"/>
    <property name="java.vm.vendor" value="Oracle Corporation"/>
    <property name="sun.arch.data.model" value="64"/>
    <property name="user.variant" value=""/>
    <property name="java.vendor.url" value="https://java.oracle.com/"/>
    <property name="user.timezone" value="Europe/Moscow"/>
    <property name="os.name" value="Windows 11"/>
    <property name="java.vm.specification.version" value="21"/>
    <property name="sun.java.launcher" value="SUN_STANDARD"/>
    <property name="user.country" value="RU"/>
    <property name="sun.boot.library.path" value="C:\Program Files\Java\jdk-21\bin"/>
    <property name="sun.java.command" value="C:\Users\bidek\AppData\Local\Temp\surefire13839843743136578577\surefirebooter-20250209145625195_3.jar C:\Users\bidek\AppData\Local\Temp\surefire13839843743136578577 2025-02-09T14-56-25_120-jvmRun1 surefire-20250209145625195_1tmp surefire_0-20250209145625195_2tmp"/>
    <property name="jdk.debug" value="release"/>
    <property name="surefire.test.class.path" value="C:\Users\bidek\LipoProxy\LofiWebCaptchaBungee\target\test-classes;C:\Users\bidek\LipoProxy\LofiWebCaptchaBungee\target\classes;C:\Users\bidek\.m2\repository\junit\junit\3.8.1\junit-3.8.1.jar;C:\Users\bidek\.m2\repository\org\apache\httpcomponents\httpclient\4.5.13\httpclient-4.5.13.jar;C:\Users\bidek\.m2\repository\org\apache\httpcomponents\httpcore\4.4.13\httpcore-4.4.13.jar;C:\Users\bidek\.m2\repository\commons-logging\commons-logging\1.2\commons-logging-1.2.jar;C:\Users\bidek\.m2\repository\commons-codec\commons-codec\1.11\commons-codec-1.11.jar;C:\Users\bidek\.m2\repository\com\squareup\okhttp3\okhttp\4.9.3\okhttp-4.9.3.jar;C:\Users\bidek\.m2\repository\com\squareup\okio\okio\2.8.0\okio-2.8.0.jar;C:\Users\bidek\.m2\repository\org\jetbrains\kotlin\kotlin-stdlib-common\1.4.0\kotlin-stdlib-common-1.4.0.jar;C:\Users\bidek\.m2\repository\org\jetbrains\kotlin\kotlin-stdlib\1.4.10\kotlin-stdlib-1.4.10.jar;C:\Users\bidek\.m2\repository\org\jsoup\jsoup\1.18.1\jsoup-1.18.1.jar;C:\Users\bidek\.m2\repository\org\json\json\20240303\json-20240303.jar;C:\Users\bidek\.m2\repository\net\md-5\bungeecord-api\1.19-R0.1-SNAPSHOT\bungeecord-api-1.19-R0.1-SNAPSHOT.jar;C:\Users\bidek\.m2\repository\net\md-5\bungeecord-chat\1.19-R0.1-SNAPSHOT\bungeecord-chat-1.19-R0.1-SNAPSHOT.jar;C:\Users\bidek\.m2\repository\com\google\code\gson\gson\2.10\gson-2.10.jar;C:\Users\bidek\.m2\repository\net\md-5\bungeecord-config\1.19-R0.1-SNAPSHOT\bungeecord-config-1.19-R0.1-SNAPSHOT.jar;C:\Users\bidek\.m2\repository\net\md-5\bungeecord-event\1.19-R0.1-SNAPSHOT\bungeecord-event-1.19-R0.1-SNAPSHOT.jar;C:\Users\bidek\.m2\repository\net\md-5\bungeecord-protocol\1.19-R0.1-SNAPSHOT\bungeecord-protocol-1.19-R0.1-SNAPSHOT.jar;C:\Users\bidek\.m2\repository\net\md-5\brigadier\1.0.16-SNAPSHOT\brigadier-1.0.16-SNAPSHOT.jar;C:\Users\bidek\.m2\repository\io\netty\netty-codec\4.1.93.Final\netty-codec-4.1.93.Final.jar;C:\Users\bidek\.m2\repository\net\sf\trove4j\core\3.1.0\core-3.1.0.jar;C:\Users\bidek\.m2\repository\se\llbit\jo-nbt\1.3.0\jo-nbt-1.3.0.jar;C:\Users\bidek\.m2\repository\io\netty\netty-transport-native-unix-common\4.1.93.Final\netty-transport-native-unix-common-4.1.93.Final.jar;C:\Users\bidek\.m2\repository\io\netty\netty-common\4.1.93.Final\netty-common-4.1.93.Final.jar;C:\Users\bidek\.m2\repository\io\netty\netty-buffer\4.1.93.Final\netty-buffer-4.1.93.Final.jar;C:\Users\bidek\.m2\repository\io\netty\netty-transport\4.1.93.Final\netty-transport-4.1.93.Final.jar;C:\Users\bidek\.m2\repository\io\netty\netty-resolver\4.1.93.Final\netty-resolver-4.1.93.Final.jar;C:\Users\bidek\.m2\repository\org\yaml\snakeyaml\1.33\snakeyaml-1.33.jar;C:\Users\bidek\.m2\repository\com\google\guava\guava\31.1-jre\guava-31.1-jre.jar;C:\Users\bidek\.m2\repository\com\google\guava\failureaccess\1.0.1\failureaccess-1.0.1.jar;C:\Users\bidek\.m2\repository\com\google\guava\listenablefuture\9999.0-empty-to-avoid-conflict-with-guava\listenablefuture-9999.0-empty-to-avoid-conflict-with-guava.jar;C:\Users\bidek\.m2\repository\com\google\code\findbugs\jsr305\3.0.2\jsr305-3.0.2.jar;C:\Users\bidek\.m2\repository\org\checkerframework\checker-qual\3.12.0\checker-qual-3.12.0.jar;C:\Users\bidek\.m2\repository\com\google\errorprone\error_prone_annotations\2.11.0\error_prone_annotations-2.11.0.jar;C:\Users\bidek\.m2\repository\com\google\j2objc\j2objc-annotations\1.3\j2objc-annotations-1.3.jar;C:\Users\bidek\.m2\repository\net\md-5\bungeecord-api\1.19-R0.1-SNAPSHOT\bungeecord-api-1.19-R0.1-SNAPSHOT-javadoc.jar;C:\Users\bidek\.m2\repository\net\kyori\adventure-platform-bungeecord\4.3.0\adventure-platform-bungeecord-4.3.0.jar;C:\Users\bidek\.m2\repository\net\kyori\adventure-platform-api\4.3.0\adventure-platform-api-4.3.0.jar;C:\Users\bidek\.m2\repository\net\kyori\adventure-text-serializer-legacy\4.13.0\adventure-text-serializer-legacy-4.13.0.jar;C:\Users\bidek\.m2\repository\net\kyori\adventure-text-serializer-gson\4.13.0\adventure-text-serializer-gson-4.13.0.jar;C:\Users\bidek\.m2\repository\net\kyori\adventure-text-serializer-bungeecord\4.3.0\adventure-text-serializer-bungeecord-4.3.0.jar;C:\Users\bidek\.m2\repository\net\kyori\adventure-platform-facet\4.3.0\adventure-platform-facet-4.3.0.jar;C:\Users\bidek\.m2\repository\net\kyori\adventure-nbt\4.13.0\adventure-nbt-4.13.0.jar;C:\Users\bidek\.m2\repository\net\kyori\adventure-api\4.17.0\adventure-api-4.17.0.jar;C:\Users\bidek\.m2\repository\net\kyori\adventure-key\4.17.0\adventure-key-4.17.0.jar;C:\Users\bidek\.m2\repository\net\kyori\examination-api\1.3.0\examination-api-1.3.0.jar;C:\Users\bidek\.m2\repository\net\kyori\examination-string\1.3.0\examination-string-1.3.0.jar;C:\Users\bidek\.m2\repository\org\jetbrains\annotations\24.1.0\annotations-24.1.0.jar;"/>
    <property name="sun.cpu.endian" value="little"/>
    <property name="user.home" value="C:\Users\bidek"/>
    <property name="user.language" value="ru"/>
    <property name="java.specification.vendor" value="Oracle Corporation"/>
    <property name="java.version.date" value="2024-01-16"/>
    <property name="java.home" value="C:\Program Files\Java\jdk-21"/>
    <property name="file.separator" value="\"/>
    <property name="basedir" value="C:\Users\bidek\LipoProxy\LofiWebCaptchaBungee"/>
    <property name="java.vm.compressedOopsMode" value="Zero based"/>
    <property name="line.separator" value="&#10;"/>
    <property name="java.vm.specification.vendor" value="Oracle Corporation"/>
    <property name="java.specification.name" value="Java Platform API Specification"/>
    <property name="surefire.real.class.path" value="C:\Users\bidek\AppData\Local\Temp\surefire13839843743136578577\surefirebooter-20250209145625195_3.jar"/>
    <property name="user.script" value=""/>
    <property name="sun.management.compiler" value="HotSpot 64-Bit Tiered Compilers"/>
    <property name="java.runtime.version" value="21.0.2+13-LTS-58"/>
    <property name="user.name" value="bidek"/>
    <property name="stdout.encoding" value="Cp1251"/>
    <property name="path.separator" value=";"/>
    <property name="os.version" value="10.0"/>
    <property name="java.runtime.name" value="Java(TM) SE Runtime Environment"/>
    <property name="file.encoding" value="UTF-8"/>
    <property name="java.vm.name" value="Java HotSpot(TM) 64-Bit Server VM"/>
    <property name="localRepository" value="C:\Users\bidek\.m2\repository"/>
    <property name="java.vendor.url.bug" value="https://bugreport.java.com/bugreport/"/>
    <property name="java.io.tmpdir" value="C:\Users\bidek\AppData\Local\Temp\"/>
    <property name="java.version" value="21.0.2"/>
    <property name="user.dir" value="C:\Users\bidek\LipoProxy\LofiWebCaptchaBungee"/>
    <property name="os.arch" value="amd64"/>
    <property name="java.vm.specification.name" value="Java Virtual Machine Specification"/>
    <property name="sun.os.patch.level" value=""/>
    <property name="native.encoding" value="Cp1251"/>
    <property name="java.library.path" value="C:\Program Files\Java\jdk-21\bin;C:\WINDOWS\Sun\Java\bin;C:\WINDOWS\system32;C:\WINDOWS;C:\MinGW\bin;C:\MinGW\libexec\gcc\x86_64-w64-mingw32\14.2.0;C:\Program Files\Java\jdk-21\bin;C:\ProgramData\Oracle\Java\javapath;C:\Program Files\Common Files\Oracle\Java\javapath;C:\Program Files (x86)\Common Files\Oracle\Java\javapath;C:\WINDOWS\system32;C:\WINDOWS;C:\WINDOWS\System32\Wbem;C:\WINDOWS\System32\WindowsPowerShell\v1.0\;C:\WINDOWS\System32\OpenSSH\;C:\Program Files (x86)\NVIDIA Corporation\PhysX\Common;C:\Program Files\NVIDIA Corporation\NVIDIA NvDLISR;C:\Program Files\WireGuard\;C:\Program Files\Go\bin;C:\Program Files\Git\cmd;D:\gradle-8.7\bin;C:\Program Files (x86)\Bitvise SSH Client;C:\Program Files\dotnet\;C:\Users\bidek\AppData\Roaming\nvm;C:\Program Files\nodejs;C:\Program Files\nodejs\;C:\MinGW\bin;C:\Users\bidek\AppData\Local\Programs\Python\Python311\Scripts\;C:\Users\bidek\AppData\Local\Programs\Python\Python311\;C:\Users\bidek\AppData\Local\Programs\Python\Python39\Scripts\;C:\Users\bidek\AppData\Local\Programs\Python\Python39\;C:\Users\bidek\.cargo\bin;C:\Users\bidek\AppData\Local\Programs\Python\Python312\Scripts\;C:\Users\bidek\AppData\Local\Programs\Python\Python312\;C:\Users\bidek\AppData\Local\Microsoft\WindowsApps;C:\Users\bidek\go\bin;C:\Program Files\apache-maven-3.9.6\bin;C:\Users\bidek\AppData\Local\Microsoft\WinGet\Packages\Schniz.fnm_Microsoft.Winget.Source_8wekyb3d8bbwe;C:\Users\bidek\AppData\Local\Programs\Microsoft VS Code\bin;C:\Program Files (x86)\Nmap;C:\Users\bidek\AppData\Roaming\nvm;C:\Program Files\nodejs;C:\Users\bidek\AppData\Roaming\npm;C:\MinGW\gcc\bin;;."/>
    <property name="java.vm.info" value="mixed mode, sharing"/>
    <property name="stderr.encoding" value="Cp1251"/>
    <property name="java.vendor" value="Oracle Corporation"/>
    <property name="java.vm.version" value="21.0.2+13-LTS-58"/>
    <property name="sun.io.unicode.encoding" value="UnicodeLittle"/>
    <property name="java.class.version" value="65.0"/>
  </properties>
  <testcase name="testApp" classname="ru.shved255.AppTest" time="0.002"/>
</testsuite>